<?xml version="1.0" encoding="UTF-8"?>
<testng-results skipped="0" failed="0" total="1" passed="1">
  <reporter-output>
  </reporter-output>
  <suite name="Default suite" duration-ms="21667" started-at="2017-06-14T11:27:39Z" finished-at="2017-06-14T11:28:01Z">
    <groups>
    </groups>
    <test name="Default test" duration-ms="21667" started-at="2017-06-14T11:27:39Z" finished-at="2017-06-14T11:28:01Z">
      <class name="com.nicobar.Testcases.VerifyProductListingPage">
        <test-method status="PASS" signature="verifyProductListingPage()[pri:0, instance:com.nicobar.Testcases.VerifyProductListingPage@617faa95]" name="verifyProductListingPage" duration-ms="21645" started-at="2017-06-14T16:57:39Z" finished-at="2017-06-14T16:58:01Z">
          <reporter-output>
          </reporter-output>
        </test-method> <!-- verifyProductListingPage -->
      </class> <!-- com.nicobar.Testcases.VerifyProductListingPage -->
    </test> <!-- Default test -->
  </suite> <!-- Default suite -->
</testng-results>
